# JRE version: OpenJDK Runtime Environment (11.0.12+7) (build 11.0.12+7-b1504.28-7817840)
# Java VM: OpenJDK 64-Bit Server VM (11.0.12+7-b1504.28-7817840, mixed mode, tiered, compressed oops, g1 gc, windows-amd64)
Heap:
 garbage-first heap   total 194560K, used 77722K [0x0000000080000000, 0x0000000100000000)
  region size 1024K, 61 young (62464K), 12 survivors (12288K)
 Metaspace       used 47256K, capacity 48399K, committed 48592K, reserved 1091584K
  class space    used 6111K, capacity 6516K, committed 6608K, reserved 1048576K
GC Heap History (10 events):
Event: 0.412 GC heap before
{Heap before GC invocations=0 (full 0):
 garbage-first heap   total 194560K, used 30720K [0x0000000080000000, 0x0000000100000000)
  region size 1024K, 24 young (24576K), 0 survivors (0K)
 Metaspace       used 9857K, capacity 10058K, committed 10112K, reserved 1058816K
  class space    used 1029K, capacity 1102K, committed 1152K, reserved 1048576K
}
Event: 0.417 GC heap after
{Heap after GC invocations=1 (full 0):
 garbage-first heap   total 194560K, used 9270K [0x0000000080000000, 0x0000000100000000)
  region size 1024K, 3 young (3072K), 3 survivors (3072K)
 Metaspace       used 9857K, capacity 10058K, committed 10112K, reserved 1058816K
  class space    used 1029K, capacity 1102K, committed 1152K, reserved 1048576K
}
Event: 1.507 GC heap before
{Heap before GC invocations=1 (full 0):
 garbage-first heap   total 194560K, used 112694K [0x0000000080000000, 0x0000000100000000)
  region size 1024K, 105 young (107520K), 3 survivors (3072K)
 Metaspace       used 20746K, capacity 21157K, committed 21296K, reserved 1069056K
  class space    used 2561K, capacity 2716K, committed 2816K, reserved 1048576K
}
Event: 1.512 GC heap after
{Heap after GC invocations=2 (full 0):
 garbage-first heap   total 194560K, used 16945K [0x0000000080000000, 0x0000000100000000)
  region size 1024K, 11 young (11264K), 11 survivors (11264K)
 Metaspace       used 20746K, capacity 21157K, committed 21296K, reserved 1069056K
  class space    used 2561K, capacity 2716K, committed 2816K, reserved 1048576K
}
Event: 1.964 GC heap before
{Heap before GC invocations=3 (full 0):
 garbage-first heap   total 194560K, used 86577K [0x0000000080000000, 0x0000000100000000)
  region size 1024K, 79 young (80896K), 11 survivors (11264K)
 Metaspace       used 27535K, capacity 28178K, committed 28544K, reserved 1073152K
  class space    used 3627K, capacity 3856K, committed 3968K, reserved 1048576K
}
Event: 1.970 GC heap after
{Heap after GC invocations=4 (full 0):
 garbage-first heap   total 194560K, used 19458K [0x0000000080000000, 0x0000000100000000)
  region size 1024K, 3 young (3072K), 3 survivors (3072K)
 Metaspace       used 27535K, capacity 28178K, committed 28544K, reserved 1073152K
  class space    used 3627K, capacity 3856K, committed 3968K, reserved 1048576K
}
Event: 2.371 GC heap before
{Heap before GC invocations=4 (full 0):
 garbage-first heap   total 194560K, used 64514K [0x0000000080000000, 0x0000000100000000)
  region size 1024K, 48 young (49152K), 3 survivors (3072K)
 Metaspace       used 35072K, capacity 35843K, committed 35920K, reserved 1081344K
  class space    used 4560K, capacity 4879K, committed 4944K, reserved 1048576K
}
Event: 2.380 GC heap after
{Heap after GC invocations=5 (full 0):
 garbage-first heap   total 194560K, used 22234K [0x0000000080000000, 0x0000000100000000)
  region size 1024K, 6 young (6144K), 6 survivors (6144K)
 Metaspace       used 35072K, capacity 35843K, committed 35920K, reserved 1081344K
  class space    used 4560K, capacity 4879K, committed 4944K, reserved 1048576K
}
Event: 3.125 GC heap before
{Heap before GC invocations=6 (full 0):
 garbage-first heap   total 194560K, used 123610K [0x0000000080000000, 0x0000000100000000)
  region size 1024K, 102 young (104448K), 6 survivors (6144K)
 Metaspace       used 43568K, capacity 44575K, committed 44624K, reserved 1087488K
  class space    used 5564K, capacity 5943K, committed 5968K, reserved 1048576K
}
Event: 3.132 GC heap after
{Heap after GC invocations=7 (full 0):
 garbage-first heap   total 194560K, used 28570K [0x0000000080000000, 0x0000000100000000)
  region size 1024K, 12 young (12288K), 12 survivors (12288K)
 Metaspace       used 43568K, capacity 44575K, committed 44624K, reserved 1087488K
  class space    used 5564K, capacity 5943K, committed 5968K, reserved 1048576K
}

