# JRE version: OpenJDK Runtime Environment (11.0.12+7) (build 11.0.12+7-b1504.28-7817840)
# Java VM: OpenJDK 64-Bit Server VM (11.0.12+7-b1504.28-7817840, mixed mode, tiered, compressed oops, g1 gc, windows-amd64)
Heap:
 garbage-first heap   total 194560K, used 32503K [0x0000000080000000, 0x0000000100000000)
  region size 1024K, 18 young (18432K), 6 survivors (6144K)
 Metaspace       used 36977K, capacity 37862K, committed 38092K, reserved 1083392K
  class space    used 4764K, capacity 5083K, committed 5148K, reserved 1048576K
GC Heap History (8 events):
Event: 0.483 GC heap before
{Heap before GC invocations=0 (full 0):
 garbage-first heap   total 194560K, used 30720K [0x0000000080000000, 0x0000000100000000)
  region size 1024K, 24 young (24576K), 0 survivors (0K)
 Metaspace       used 9857K, capacity 10058K, committed 10112K, reserved 1058816K
  class space    used 1029K, capacity 1102K, committed 1152K, reserved 1048576K
}
Event: 0.487 GC heap after
{Heap after GC invocations=1 (full 0):
 garbage-first heap   total 194560K, used 9189K [0x0000000080000000, 0x0000000100000000)
  region size 1024K, 3 young (3072K), 3 survivors (3072K)
 Metaspace       used 9857K, capacity 10058K, committed 10112K, reserved 1058816K
  class space    used 1029K, capacity 1102K, committed 1152K, reserved 1048576K
}
Event: 1.776 GC heap before
{Heap before GC invocations=1 (full 0):
 garbage-first heap   total 194560K, used 112613K [0x0000000080000000, 0x0000000100000000)
  region size 1024K, 105 young (107520K), 3 survivors (3072K)
 Metaspace       used 20776K, capacity 21157K, committed 21296K, reserved 1069056K
  class space    used 2561K, capacity 2716K, committed 2816K, reserved 1048576K
}
Event: 1.785 GC heap after
{Heap after GC invocations=2 (full 0):
 garbage-first heap   total 194560K, used 16952K [0x0000000080000000, 0x0000000100000000)
  region size 1024K, 11 young (11264K), 11 survivors (11264K)
 Metaspace       used 20776K, capacity 21157K, committed 21296K, reserved 1069056K
  class space    used 2561K, capacity 2716K, committed 2816K, reserved 1048576K
}
Event: 2.030 GC heap before
{Heap before GC invocations=3 (full 0):
 garbage-first heap   total 194560K, used 53816K [0x0000000080000000, 0x0000000100000000)
  region size 1024K, 47 young (48128K), 11 survivors (11264K)
 Metaspace       used 24387K, capacity 24921K, committed 25088K, reserved 1071104K
  class space    used 3109K, capacity 3315K, committed 3328K, reserved 1048576K
}
Event: 2.035 GC heap after
{Heap after GC invocations=4 (full 0):
 garbage-first heap   total 194560K, used 18256K [0x0000000080000000, 0x0000000100000000)
  region size 1024K, 2 young (2048K), 2 survivors (2048K)
 Metaspace       used 24387K, capacity 24921K, committed 25088K, reserved 1071104K
  class space    used 3109K, capacity 3315K, committed 3328K, reserved 1048576K
}
Event: 2.779 GC heap before
{Heap before GC invocations=4 (full 0):
 garbage-first heap   total 194560K, used 96080K [0x0000000080000000, 0x0000000100000000)
  region size 1024K, 79 young (80896K), 2 survivors (2048K)
 Metaspace       used 35077K, capacity 35844K, committed 35920K, reserved 1081344K
  class space    used 4560K, capacity 4879K, committed 4944K, reserved 1048576K
}
Event: 2.787 GC heap after
{Heap after GC invocations=5 (full 0):
 garbage-first heap   total 194560K, used 22263K [0x0000000080000000, 0x0000000100000000)
  region size 1024K, 6 young (6144K), 6 survivors (6144K)
 Metaspace       used 35077K, capacity 35844K, committed 35920K, reserved 1081344K
  class space    used 4560K, capacity 4879K, committed 4944K, reserved 1048576K
}

